d:\sem3\oop\project6\project6\x64\debug\vc143.pdb
d:\sem3\oop\project6\project6\x64\debug\vc143.idb
d:\sem3\oop\project6\project6\x64\debug\main.obj
d:\sem3\oop\project6\project6\x64\debug\spaceship.obj
d:\sem3\oop\project6\project6\x64\debug\laser.obj
d:\sem3\oop\project6\project6\x64\debug\game.obj
d:\sem3\oop\project6\project6\x64\debug\alien.obj
d:\sem3\oop\project6\project6\x64\debug\mysteryship.obj
d:\sem3\oop\project6\project6\x64\debug\obstacle.obj
d:\sem3\oop\project6\project6\x64\debug\block.obj
d:\sem3\oop\project6\x64\debug\project6.exe
d:\sem3\oop\project6\project6\x64\debug\project6.ilk
d:\sem3\oop\project6\x64\debug\project6.pdb
d:\sem3\oop\project6\x64\debug\raylib.dll
d:\sem3\oop\project6\x64\debug\glfw3.dll
d:\sem3\oop\project6\project6\x64\debug\project6.tlog\cl.command.1.tlog
d:\sem3\oop\project6\project6\x64\debug\project6.tlog\cl.items.tlog
d:\sem3\oop\project6\project6\x64\debug\project6.tlog\cl.read.1.tlog
d:\sem3\oop\project6\project6\x64\debug\project6.tlog\cl.write.1.tlog
d:\sem3\oop\project6\project6\x64\debug\project6.tlog\link.command.1.tlog
d:\sem3\oop\project6\project6\x64\debug\project6.tlog\link.read.1.tlog
d:\sem3\oop\project6\project6\x64\debug\project6.tlog\link.write.1.tlog
d:\sem3\oop\project6\project6\x64\debug\project6.tlog\project6.write.1u.tlog
